<?xml version="1.0" encoding="UTF-8"?>
<!-- Generated by org.testng.reporters.JUnitXMLReporter -->
<testsuite ignored="0" hostname="MacBook-Air.local" failures="0" tests="1" name="Athena Test Automation" time="0.192" errors="0" timestamp="2024-12-02T16:16:10 IST">
  <testcase classname="com.mdr.base.BaseTest" name="@BeforeSuite setup" time="14.681">
    <failure type="java.lang.IllegalStateException" message="Driver setup failed.">
      <![CDATA[java.lang.IllegalStateException: Driver setup failed.
at com.mdr.config.Hooks.startServer(Hooks.java:120)
at com.mdr.base.BaseTest.setup(BaseTest.java:87)
Caused by: org.openqa.selenium.SessionNotCreatedException: Unable to create a new remote session. Please check the server log for more details. Original error: An unknown server-side error occurred while processing the command. Original error: Error executing adbExec. Original error: 'Command '/Users/Prati/Library/Android/sdk/platform-tools/adb -P 5037 -s emulator-5554 install /Users/Prati/Downloads/application.apk' exited with code 1'; Command output: adb: failed to install /Users/Prati/Downloads/application.apk: Failure [INSTALL_FAILED_MISSING_SPLIT: Missing split for com.mydigirecords]

Build info: version: '3.141.59', revision: 'e82be7d358', time: '2018-11-14T08:17:03'
System info: host: 'MacBook-Air.local', ip: '2401:4900:9027:3811:dd92:5d61:8336:5d2e%en0', os.name: 'Mac OS X', os.arch: 'aarch64', os.version: '15.1.1', java.version: '11.0.20'
Driver info: driver.version: AppiumDriver
remote stacktrace: UnknownError: An unknown server-side error occurred while processing the command. Original error: Error executing adbExec. Original error: 'Command '/Users/Prati/Library/Android/sdk/platform-tools/adb -P 5037 -s emulator-5554 install /Users/Prati/Downloads/application.apk' exited with code 1'; Command output: adb: failed to install /Users/Prati/Downloads/application.apk: Failure [INSTALL_FAILED_MISSING_SPLIT: Missing split for com.mydigirecords]

    at getResponseForW3CError (/Users/Prati/OneDrive/Documents/appium/appium/node_modules/appium-base-driver/lib/protocol/errors.js:804:9)
    at asyncHandler (/Users/Prati/OneDrive/Documents/appium/appium/node_modules/appium-base-driver/lib/protocol/protocol.js:380:37)
Build info: version: '3.141.59', revision: 'e82be7d358', time: '2018-11-14T08:17:03'
System info: host: 'MacBook-Air.local', ip: '2401:4900:9027:3811:dd92:5d61:8336:5d2e%en0', os.name: 'Mac OS X', os.arch: 'aarch64', os.version: '15.1.1', java.version: '11.0.20'
Driver info: driver.version: AppiumDriver
at io.appium.java_client.remote.AppiumCommandExecutor$1.createSession(AppiumCommandExecutor.java:216)
at io.appium.java_client.remote.AppiumCommandExecutor.createSession(AppiumCommandExecutor.java:225)
at io.appium.java_client.remote.AppiumCommandExecutor.execute(AppiumCommandExecutor.java:250)
at org.openqa.selenium.remote.RemoteWebDriver.execute(RemoteWebDriver.java:552)
at io.appium.java_client.DefaultGenericMobileDriver.execute(DefaultGenericMobileDriver.java:41)
at io.appium.java_client.AppiumDriver.execute(AppiumDriver.java:1)
at org.openqa.selenium.remote.RemoteWebDriver.startSession(RemoteWebDriver.java:213)
at io.appium.java_client.AppiumDriver.startSession(AppiumDriver.java:363)
at org.openqa.selenium.remote.RemoteWebDriver.<init>(RemoteWebDriver.java:131)
at io.appium.java_client.DefaultGenericMobileDriver.<init>(DefaultGenericMobileDriver.java:37)
at io.appium.java_client.AppiumDriver.<init>(AppiumDriver.java:89)
at io.appium.java_client.AppiumDriver.<init>(AppiumDriver.java:99)
at com.mdr.config.Hooks.setDriver(Hooks.java:168)
at com.mdr.config.Hooks.startServer(Hooks.java:117)
... 20 more
at io.appium.java_client.remote.AppiumCommandExecutor$1.createSession(AppiumCommandExecutor.java:193)
... 33 more
Caused by: org.openqa.selenium.WebDriverException: An unknown server-side error occurred while processing the command. Original error: Error executing adbExec. Original error: 'Command '/Users/Prati/Library/Android/sdk/platform-tools/adb -P 5037 -s emulator-5554 install /Users/Prati/Downloads/application.apk' exited with code 1'; Command output: adb: failed to install /Users/Prati/Downloads/application.apk: Failure [INSTALL_FAILED_MISSING_SPLIT: Missing split for com.mydigirecords]

Build info: version: '3.141.59', revision: 'e82be7d358', time: '2018-11-14T08:17:03'
System info: host: 'MacBook-Air.local', ip: '2401:4900:9027:3811:dd92:5d61:8336:5d2e%en0', os.name: 'Mac OS X', os.arch: 'aarch64', os.version: '15.1.1', java.version: '11.0.20'
Driver info: driver.version: AppiumDriver
remote stacktrace: UnknownError: An unknown server-side error occurred while processing the command. Original error: Error executing adbExec. Original error: 'Command '/Users/Prati/Library/Android/sdk/platform-tools/adb -P 5037 -s emulator-5554 install /Users/Prati/Downloads/application.apk' exited with code 1'; Command output: adb: failed to install /Users/Prati/Downloads/application.apk: Failure [INSTALL_FAILED_MISSING_SPLIT: Missing split for com.mydigirecords]

    at getResponseForW3CError (/Users/Prati/OneDrive/Documents/appium/appium/node_modules/appium-base-driver/lib/protocol/errors.js:804:9)
    at asyncHandler (/Users/Prati/OneDrive/Documents/appium/appium/node_modules/appium-base-driver/lib/protocol/protocol.js:380:37)
at org.openqa.selenium.remote.W3CHandshakeResponse.lambda$errorHandler$0(W3CHandshakeResponse.java:62)
at org.openqa.selenium.remote.HandshakeResponse.lambda$getResponseFunction$0(HandshakeResponse.java:30)
at org.openqa.selenium.remote.ProtocolHandshake.lambda$createSession$0(ProtocolHandshake.java:126)
at java.base/java.util.stream.ReferencePipeline$3$1.accept(ReferencePipeline.java:195)
at java.base/java.util.Spliterators$ArraySpliterator.tryAdvance(Spliterators.java:958)
at java.base/java.util.stream.ReferencePipeline.forEachWithCancel(ReferencePipeline.java:127)
at java.base/java.util.stream.AbstractPipeline.copyIntoWithCancel(AbstractPipeline.java:502)
at java.base/java.util.stream.AbstractPipeline.copyInto(AbstractPipeline.java:488)
at java.base/java.util.stream.AbstractPipeline.wrapAndCopyInto(AbstractPipeline.java:474)
at java.base/java.util.stream.FindOps$FindOp.evaluateSequential(FindOps.java:150)
at java.base/java.util.stream.AbstractPipeline.evaluate(AbstractPipeline.java:234)
at java.base/java.util.stream.ReferencePipeline.findFirst(ReferencePipeline.java:543)
at org.openqa.selenium.remote.ProtocolHandshake.createSession(ProtocolHandshake.java:128)
... 38 more
... Removed 28 stack frames]]>
    </failure>
  </testcase> <!-- @BeforeSuite setup -->
  <testcase classname="com.mdr.runner.RunCukesTest" name="feature" time="0.0">
    <skipped/>
  </testcase> <!-- feature -->
</testsuite> <!-- Athena Test Automation -->
